<?xml version="1.0" encoding="UTF-8"?>
<!-- Generated by org.testng.reporters.JUnitReportReporter -->
<testsuite hostname="DESKTOP-933PBR5" failures="0" tests="4" name="Tests.LoginTest" time="67.402" errors="0" timestamp="07 Feb 2020 15:45:12 GMT" skipped="0">
  <testcase classname="Tests.LoginTest" name="LoginWithValidEmailAndPassword" time="20.425"/>
  <testcase classname="Tests.LoginTest" name="LoginWithInvalidPassword" time="16.259"/>
  <testcase classname="Tests.LoginTest" name="LoginWithInvalidPhoneNumber" time="12.409"/>
  <testcase classname="Tests.LoginTest" name="LoginWithValidPhoneNumber" time="18.309"/>
</testsuite> <!-- Tests.LoginTest -->
